<?xml version="1.0" encoding="UTF-8"?>
<testsuite name="com.gura.gurisha.GurishaApplicationTests" tests="1" skipped="0" failures="0" errors="0" timestamp="2023-10-08T00:27:29" hostname="MacBook-Pro" time="0.003">
  <properties/>
  <testcase name="contextLoads()" classname="com.gura.gurisha.GurishaApplicationTests" time="0.003"/>
  <system-out><![CDATA[2023-10-07T20:27:29.019-04:00  INFO 4444 --- [    Test worker] t.c.s.AnnotationConfigContextLoaderUtils : Could not detect default configuration classes for test class [com.gura.gurisha.GurishaApplicationTests]: GurishaApplicationTests does not declare any static, non-private, non-final, nested classes annotated with @Configuration.
2023-10-07T20:27:29.021-04:00  INFO 4444 --- [    Test worker] .b.t.c.SpringBootTestContextBootstrapper : Found @SpringBootConfiguration com.gura.gurisha.ClientApplication for test class com.gura.gurisha.GurishaApplicationTests
]]></system-out>
  <system-err><![CDATA[]]></system-err>
</testsuite>
